2026-02-03 09:35:38,620 - Data_Balancing - INFO - Before no_balance: No.of rows for Yes class : 1496
2026-02-03 09:35:38,620 - Data_Balancing - INFO - Before no_balance: No.of rows for No class : 4138
2026-02-03 09:35:38,620 - Data_Balancing - INFO - After no_balance: No.of rows for Yes class : 1496
2026-02-03 09:35:38,629 - Data_Balancing - INFO - After no_balance: No.of rows for No class : 4138
2026-02-03 09:35:38,890 - Data_Balancing - INFO - Before random_over_sampling: No.of rows for Yes class : 1496
2026-02-03 09:35:38,892 - Data_Balancing - INFO - Before random_over_sampling: No.of rows for No class : 4138
2026-02-03 09:35:38,915 - Data_Balancing - INFO - After random_over_sampling: No.of rows for Yes class : 4138
2026-02-03 09:35:38,918 - Data_Balancing - INFO - After random_over_sampling: No.of rows for No class : 4138
2026-02-03 09:35:39,196 - Data_Balancing - INFO - Before random_under_sampling: No.of rows for Yes class : 1496
2026-02-03 09:35:39,198 - Data_Balancing - INFO - Before random_under_sampling: No.of rows for No class : 4138
2026-02-03 09:35:39,212 - Data_Balancing - INFO - After random_under_sampling: No.of rows for Yes class : 1496
2026-02-03 09:35:39,214 - Data_Balancing - INFO - After random_under_sampling: No.of rows for No class : 1496
2026-02-03 09:35:39,419 - Data_Balancing - INFO - Before smote: No.of rows for Yes class : 1496
2026-02-03 09:35:39,420 - Data_Balancing - INFO - Before smote: No.of rows for No class : 4138
2026-02-03 09:35:45,317 - Data_Balancing - INFO - After smote: No.of rows for Yes class : 4138
2026-02-03 09:35:45,317 - Data_Balancing - INFO - After smote: No.of rows for No class : 4138
2026-02-03 09:35:45,437 - Data_Balancing - INFO - Before smote_tomek: No.of rows for Yes class : 1496
2026-02-03 09:35:45,438 - Data_Balancing - INFO - Before smote_tomek: No.of rows for No class : 4138
2026-02-03 09:35:45,639 - Data_Balancing - INFO - After smote_tomek: No.of rows for Yes class : 4011
2026-02-03 09:35:45,639 - Data_Balancing - INFO - After smote_tomek: No.of rows for No class : 4011
2026-02-03 09:35:45,738 - Data_Balancing - INFO - Before smote_enn: No.of rows for Yes class : 1496
2026-02-03 09:35:45,738 - Data_Balancing - INFO - Before smote_enn: No.of rows for No class : 4138
2026-02-03 09:35:45,916 - Data_Balancing - INFO - After smote_enn: No.of rows for Yes class : 3072
2026-02-03 09:35:45,917 - Data_Balancing - INFO - After smote_enn: No.of rows for No class : 2211
2026-02-03 09:35:46,030 - Data_Balancing - INFO - Before smote_enn: No.of rows for Yes class : 1496
2026-02-03 09:35:46,031 - Data_Balancing - INFO - Before smote_enn: No.of rows for No class : 4138
2026-02-03 09:35:46,262 - Data_Balancing - INFO - After smote_enn: No.of rows for Yes class : 3072
2026-02-03 09:35:46,262 - Data_Balancing - INFO - After smote_enn: No.of rows for No class : 2211
