2026-02-03 09:35:35,518 - outliers_techniques - INFO - Winsorization Started
2026-02-03 09:35:35,528 - outliers_techniques - INFO - Winsorization Completed
2026-02-03 09:35:35,529 - outliers_techniques - INFO - Robust Scaling Started
2026-02-03 09:35:35,538 - outliers_techniques - INFO - Robust Scaling Completed
2026-02-03 09:35:35,545 - outliers_techniques - INFO - Log Transform Started
2026-02-03 09:35:35,547 - outliers_techniques - INFO - Log Transform Completed
2026-02-03 09:35:35,548 - outliers_techniques - INFO - No Outlier Handling Applied
2026-02-03 09:35:35,548 - outliers_techniques - INFO - Winsorization Started
2026-02-03 09:35:35,561 - outliers_techniques - INFO - Winsorization Completed
2026-02-03 09:35:35,565 - outliers_techniques - INFO - Winsorization Started
2026-02-03 09:35:35,570 - outliers_techniques - INFO - Winsorization Completed
2026-02-03 09:35:35,572 - outliers_techniques - INFO - Robust Scaling Started
2026-02-03 09:35:35,577 - outliers_techniques - INFO - Robust Scaling Completed
2026-02-03 09:35:35,580 - outliers_techniques - INFO - Log Transform Started
2026-02-03 09:35:35,581 - outliers_techniques - INFO - Log Transform Completed
2026-02-03 09:35:35,582 - outliers_techniques - INFO - No Outlier Handling Applied
2026-02-03 09:35:35,582 - outliers_techniques - INFO - Winsorization Started
2026-02-03 09:35:35,589 - outliers_techniques - INFO - Winsorization Completed
2026-02-03 09:35:35,592 - outliers_techniques - INFO - Winsorization Started
2026-02-03 09:35:35,594 - outliers_techniques - INFO - Winsorization Completed
2026-02-03 09:35:35,598 - outliers_techniques - INFO - Robust Scaling Started
2026-02-03 09:35:35,600 - outliers_techniques - INFO - Robust Scaling Completed
2026-02-03 09:35:35,600 - outliers_techniques - INFO - Log Transform Started
2026-02-03 09:35:35,600 - outliers_techniques - INFO - Log Transform Completed
2026-02-03 09:35:35,600 - outliers_techniques - INFO - No Outlier Handling Applied
2026-02-03 09:35:35,608 - outliers_techniques - INFO - Winsorization Started
2026-02-03 09:35:35,612 - outliers_techniques - INFO - Winsorization Completed
2026-02-03 09:35:35,612 - outliers_techniques - INFO - Winsorization Started
2026-02-03 09:35:35,618 - outliers_techniques - INFO - Winsorization Completed
2026-02-03 09:35:35,621 - outliers_techniques - INFO - Robust Scaling Started
2026-02-03 09:35:35,630 - outliers_techniques - INFO - Robust Scaling Completed
2026-02-03 09:35:35,635 - outliers_techniques - INFO - Log Transform Started
2026-02-03 09:35:35,638 - outliers_techniques - INFO - Log Transform Completed
2026-02-03 09:35:35,644 - outliers_techniques - INFO - No Outlier Handling Applied
2026-02-03 09:35:35,651 - outliers_techniques - INFO - Winsorization Started
2026-02-03 09:35:35,660 - outliers_techniques - INFO - Winsorization Completed
